2025-07-12 06:43:52.118 | ERROR    | core.account_manager:load_accounts:16 - El archivo de cuentas no se encontró en: noexiste.json
2025-07-12 06:43:52.120 | INFO     | core.bot:assign_proxy:14 - Proxy asignado: proxyX
2025-07-12 06:43:52.120 | INFO     | core.bot:assign_fingerprint:18 - Fingerprint asignado: fpY
2025-07-12 06:44:32.568 | ERROR    | core.account_manager:load_accounts:16 - El archivo de cuentas no se encontró en: noexiste.json
2025-07-12 06:44:32.569 | INFO     | core.bot:assign_proxy:14 - Proxy asignado: proxyX
2025-07-12 06:44:32.570 | INFO     | core.bot:assign_fingerprint:18 - Fingerprint asignado: fpY
2025-07-12 06:44:32.571 | INFO     | core.bot:assign_proxy:14 - Proxy asignado: proxyZ
2025-07-12 06:44:32.572 | INFO     | core.bot:assign_fingerprint:18 - Fingerprint asignado: fpW
2025-07-12 06:44:32.572 | INFO     | core.bot:assign_proxy:14 - Proxy asignado: proxyZ
2025-07-12 06:44:32.572 | INFO     | core.bot:assign_fingerprint:18 - Fingerprint asignado: fpW
2025-07-12 06:44:32.572 | INFO     | core.bot_engine:initialize_bots:21 - Se inicializaron 2 bots.
2025-07-12 06:44:45.615 | ERROR    | core.account_manager:load_accounts:16 - El archivo de cuentas no se encontró en: noexiste.json
2025-07-12 06:44:45.617 | INFO     | core.bot:assign_proxy:14 - Proxy asignado: proxyX
2025-07-12 06:44:45.618 | INFO     | core.bot:assign_fingerprint:18 - Fingerprint asignado: fpY
2025-07-12 06:44:45.619 | INFO     | core.bot:assign_proxy:14 - Proxy asignado: proxyZ
2025-07-12 06:44:45.619 | INFO     | core.bot:assign_fingerprint:18 - Fingerprint asignado: fpW
2025-07-12 06:44:45.620 | INFO     | core.bot:assign_proxy:14 - Proxy asignado: proxyZ
2025-07-12 06:44:45.620 | INFO     | core.bot:assign_fingerprint:18 - Fingerprint asignado: fpW
2025-07-12 06:44:45.621 | INFO     | core.bot_engine:initialize_bots:21 - Se inicializaron 2 bots.
2025-07-12 06:44:55.537 | ERROR    | core.account_manager:load_accounts:16 - El archivo de cuentas no se encontró en: noexiste.json
2025-07-12 06:44:55.539 | INFO     | core.bot:assign_proxy:14 - Proxy asignado: proxyX
2025-07-12 06:44:55.540 | INFO     | core.bot:assign_fingerprint:18 - Fingerprint asignado: fpY
2025-07-12 06:44:55.542 | INFO     | core.bot:assign_proxy:14 - Proxy asignado: proxyZ
2025-07-12 06:44:55.543 | INFO     | core.bot:assign_fingerprint:18 - Fingerprint asignado: fpW
2025-07-12 06:44:55.543 | INFO     | core.bot:assign_proxy:14 - Proxy asignado: proxyZ
2025-07-12 06:44:55.544 | INFO     | core.bot:assign_fingerprint:18 - Fingerprint asignado: fpW
2025-07-12 06:44:55.544 | INFO     | core.bot_engine:initialize_bots:21 - Se inicializaron 2 bots.
2025-07-12 06:45:09.459 | ERROR    | core.account_manager:load_accounts:16 - El archivo de cuentas no se encontró en: noexiste.json
2025-07-12 06:45:09.461 | INFO     | core.bot:assign_proxy:14 - Proxy asignado: proxyX
2025-07-12 06:45:09.461 | INFO     | core.bot:assign_fingerprint:18 - Fingerprint asignado: fpY
2025-07-12 06:45:09.463 | INFO     | core.bot:assign_proxy:14 - Proxy asignado: proxyZ
2025-07-12 06:45:09.463 | INFO     | core.bot:assign_fingerprint:18 - Fingerprint asignado: fpW
2025-07-12 06:45:09.464 | INFO     | core.bot:assign_proxy:14 - Proxy asignado: proxyZ
2025-07-12 06:45:09.464 | INFO     | core.bot:assign_fingerprint:18 - Fingerprint asignado: fpW
2025-07-12 06:45:09.464 | INFO     | core.bot_engine:initialize_bots:21 - Se inicializaron 2 bots.
2025-07-12 06:45:19.525 | ERROR    | core.account_manager:load_accounts:16 - El archivo de cuentas no se encontró en: noexiste.json
2025-07-12 06:45:19.527 | INFO     | core.bot:assign_proxy:14 - Proxy asignado: proxyX
2025-07-12 06:45:19.527 | INFO     | core.bot:assign_fingerprint:18 - Fingerprint asignado: fpY
2025-07-12 06:45:19.529 | INFO     | core.bot:assign_proxy:14 - Proxy asignado: proxyZ
2025-07-12 06:45:19.529 | INFO     | core.bot:assign_fingerprint:18 - Fingerprint asignado: fpW
2025-07-12 06:45:19.529 | INFO     | core.bot:assign_proxy:14 - Proxy asignado: proxyZ
2025-07-12 06:45:19.530 | INFO     | core.bot:assign_fingerprint:18 - Fingerprint asignado: fpW
2025-07-12 06:45:19.530 | INFO     | core.bot_engine:initialize_bots:21 - Se inicializaron 2 bots.
